INFO:root:Bid: 5479.24 Ask: 5479.48
INFO:root:Lower: 5423.898 Upper: 5432.565 Target Gain: 0.001597928279624572
INFO:root:Bid: 5479.26 Ask: 5480.0
INFO:root:Bid: 5479.26 Ask: 5479.6
INFO:root:Bid: 5479.28 Ask: 5479.6
INFO:root:Bid: 5479.28 Ask: 5479.6
INFO:root:Lower: 5423.898 Upper: 5432.565 Target Gain: 0.001597928279624572
INFO:root:Bid: 5478.78 Ask: 5479.6
INFO:root:Bid: 155.44 Ask: 155.48
INFO:root:Bid: 156.04 Ask: 156.08
INFO:root:Lower: 156.12 Upper: 156.48 Target Gain: 0.002305918524212025
INFO:root:Bid: 156.05 Ask: 156.09
INFO:root:Lower: 156.12 Upper: 156.48 Target Gain: 0.002305918524212025
INFO:root:Bid: 156.15 Ask: 156.18
INFO:root:Lower: 156.128 Upper: 156.48 Target Gain: 0.002254560360729574
INFO:root:Bid: 156.07 Ask: 156.13
INFO:root:Lower: 156.12 Upper: 156.48 Target Gain: 0.002305918524212025
INFO:root:Bid: 156.09 Ask: 156.13
INFO:root:Lower: 156.12 Upper: 156.48 Target Gain: 0.002305918524212025
INFO:root:Bid: 155.54 Ask: 155.55
INFO:root:Lower: 156.158 Upper: 156.48 Target Gain: 0.002062014113910271
INFO:root:Bid: 155.58 Ask: 155.68
INFO:root:Bid: 155.6 Ask: 155.71
INFO:root:Bid: 155.6 Ask: 155.71
INFO:root:Bid: 155.6 Ask: 155.71
INFO:root:Bid: 155.53 Ask: 155.58
INFO:root:Lower: 156.158 Upper: 156.48 Target Gain: 0.002062014113910271
INFO:root:Bid: 155.53 Ask: 155.58



2019-04-26 12:06:07,812
2019-04-26 12:06:08,831
2019-04-26 12:06:10,999
2019-04-26 12:06:38,763:Bid: 155.54 Ask: 155.58
2019-04-26 12:06:40,105:Lower: 156.15 Upper: 156.48 Target Gain: 0.0021133525456291657
2019-04-26 12:07:10,083:Bid: 155.51 Ask: 155.52
2019-04-26 12:07:10,809:Lower: 156.148 Upper: 156.48 Target Gain: 0.0021261879755103408
2019-04-26 12:07:12,960:Bid: 155.5 Ask: 155.52
2019-04-26 12:07:15,203:Bid: 155.5 Ask: 155.51
2019-04-26 12:07:17,458:Bid: 155.5 Ask: 155.54
2019-04-26 12:07:19,711:Bid: 155.5 Ask: 155.54
2019-04-26 12:07:21,500:Lower: 156.148 Upper: 156.48 Target Gain: 0.0021261879755103408
2019-04-26 12:07:21,967:Bid: 155.5 Ask: 155.54
2019-04-26 12:07:24,118:Bid: 155.53 Ask: 155.54
2019-04-26 12:07:26,316:Bid: 155.5 Ask: 155.54
2019-04-26 12:07:28,468:Bid: 155.5 Ask: 155.53
2019-04-26 12:07:30,770:Bid: 155.43 Ask: 155.47
2019-04-26 12:07:33,047:Lower: 156.148 Upper: 156.48 Target Gain: 0.0021261879755103408
2019-04-26 12:07:33,434:Bid: 155.4 Ask: 155.45
2019-04-26 12:07:35,882:Bid: 155.43 Ask: 155.46
2019-04-26 12:07:38,143:Bid: 155.43 Ask: 155.46
2019-04-26 12:07:40,296:Bid: 155.43 Ask: 155.44
2019-04-26 12:07:42,648:Bid: 155.43 Ask: 155.44
2019-04-26 12:07:43,694:Lower: 156.148 Upper: 156.48 Target Gain: 0.0021261879755103408
2019-04-26 12:07:44,900:Bid: 155.4 Ask: 155.43
2019-04-26 12:07:47,105:Bid: 155.4 Ask: 155.44
2019-04-26 12:07:49,256:Bid: 155.4 Ask: 155.45
2019-04-26 12:07:51,455:Bid: 155.4 Ask: 155.43
2019-04-26 12:07:53,706:Bid: 155.4 Ask: 155.41
2019-04-26 12:07:54,440:Lower: 156.148 Upper: 156.48 Target Gain: 0.0021261879755103408
2019-04-26 12:07:55,859:Bid: 155.33 Ask: 155.38
2019-04-26 12:07:58,014:Bid: 155.33 Ask: 155.35
2019-04-26 12:08:00,168:Bid: 155.3 Ask: 155.33
2019-04-26 12:08:02,326:Bid: 155.31 Ask: 155.34
2019-04-26 12:08:04,562:Bid: 155.32 Ask: 155.36
2019-04-26 12:08:05,607:Lower: 156.138 Upper: 156.48 Target Gain: 0.002190370057256974
2019-04-26 12:08:07,064:Bid: 155.27 Ask: 155.34
2019-04-26 12:08:09,232:Bid: 155.29 Ask: 155.34
2019-04-26 12:08:11,385:Bid: 155.32 Ask: 155.33
2019-04-26 12:08:13,543:Bid: 155.3 Ask: 155.31
2019-04-26 12:08:15,746:Bid: 155.3 Ask: 155.31
2019-04-26 12:08:16,655:Lower: 156.138 Upper: 156.48 Target Gain: 0.002190370057256974
2019-04-26 12:08:17,899:Bid: 155.31 Ask: 155.38
2019-04-26 12:08:20,049:Bid: 155.33 Ask: 155.38
2019-04-26 12:08:22,278:Bid: 155.36 Ask: 155.37
2019-04-26 12:08:24,438:Bid: 155.31 Ask: 155.35
2019-04-26 12:08:26,832:Bid: 155.31 Ask: 155.35
2019-04-26 12:08:27,992:Lower: 156.138 Upper: 156.48 Target Gain: 0.002190370057256974
2019-04-26 12:08:29,243:Bid: 155.33 Ask: 155.36
2019-04-26 12:08:31,500:Bid: 155.33 Ask: 155.38
2019-04-26 12:08:33,884:Bid: 155.33 Ask: 155.36
2019-04-26 12:08:36,035:Bid: 155.3 Ask: 155.31
2019-04-26 12:08:39,075:Lower: 156.138 Upper: 156.48 Target Gain: 0.002190370057256974
2019-04-26 12:08:39,223:Bid: 155.27 Ask: 155.31
2019-04-26 12:08:41,374:Bid: 155.3 Ask: 155.31
2019-04-26 12:08:43,577:Bid: 155.3 Ask: 155.31
2019-04-26 12:08:45,736:Bid: 155.27 Ask: 155.29
2019-04-26 12:08:47,893:Bid: 155.27 Ask: 155.28
2019-04-26 12:08:49,583:Lower: 156.138 Upper: 156.48 Target Gain: 0.002190370057256974
2019-04-26 12:08:50,540:Bid: 155.29 Ask: 155.37
2019-04-26 12:08:52,696:Bid: 155.31 Ask: 155.37
2019-04-26 12:08:54,854:Bid: 155.31 Ask: 155.37
2019-04-26 12:08:57,010:Bid: 155.31 Ask: 155.37
2019-04-26 12:08:59,165:Bid: 155.28 Ask: 155.3
2019-04-26 12:09:00,129:Lower: 156.138 Upper: 156.48 Target Gain: 0.002190370057256974
2019-04-26 12:09:01,315:Bid: 155.31 Ask: 155.36
2019-04-26 12:09:03,476:Bid: 155.29 Ask: 155.34
2019-04-26 12:09:05,626:Bid: 155.31 Ask: 155.34
2019-04-26 12:09:07,780:Bid: 155.32 Ask: 155.37
2019-04-26 12:09:09,940:Bid: 155.35 Ask: 155.37
2019-04-26 12:09:10,863:Lower: 156.13 Upper: 156.48 Target Gain: 0.0022417216422212505
2019-04-26 12:09:12,094:Bid: 155.36 Ask: 155.37
2019-04-26 12:09:14,482:Bid: 155.42 Ask: 155.45
2019-04-26 12:09:16,635:Bid: 155.44 Ask: 155.45
2019-04-26 12:09:18,786:Bid: 155.47 Ask: 155.51
2019-04-26 12:09:20,955:Bid: 155.47 Ask: 155.51
2019-04-26 12:09:22,058:Lower: 156.13 Upper: 156.48 Target Gain: 0.0022417216422212505
2019-04-26 12:09:23,337:Bid: 155.46 Ask: 155.5
2019-04-26 12:09:25,780:Bid: 155.46 Ask: 155.5
2019-04-26 12:09:28,174:Bid: 155.46 Ask: 155.51
2019-04-26 12:09:30,584:Bid: 155.46 Ask: 155.51
2019-04-26 12:09:32,541:Lower: 156.13 Upper: 156.48 Target Gain: 0.0022417216422212505
2019-04-26 12:09:33,091:Bid: 155.46 Ask: 155.5
2019-04-26 12:09:35,304:Bid: 155.47 Ask: 155.5
2019-04-26 12:09:37,688:Bid: 155.47 Ask: 155.5
